<?xml version="1.0" encoding="UTF-8"?>
<robot generator="Robot 7.0.1 (Python 3.12.5 on linux)" generated="2024-08-29T18:48:04.210177" rpa="false" schemaversion="5">
<suite id="s1" name="Test" source="/home/lautome/programmation/robotFramework/test.robot">
<test id="s1-t1" name="Test Keyword Filtering" line="18">
<kw name="New Browser" owner="Browser">
<msg time="2024-08-29T18:48:05.447335" level="INFO">{"browser": "firefox", "headless": false, "chromiumSandbox": false, "devtools": false, "handleSIGHUP": true, "handleSIGINT": true, "handleSIGTERM": true, "slowMo": 0.0, "timeout": 30000.0, "tracesDir": "/home/lautome/programmation/robotFramework/browser/traces/b0a1880d-e54e-4e23-924c-cc5740164d61"}</msg>
<msg time="2024-08-29T18:48:06.768821" level="INFO">Successfully created browser with options: {"browser":"firefox","headless":false,"chromiumSandbox":false,"devtools":false,"handleSIGHUP":true,"handleSIGINT":true,"handleSIGTERM":true,"slowMo":0,"timeout":30000,"tracesDir":"/home/lautome/programmation/robotFramework/browser/traces/b0a1880d-e54e-4e23-924c-cc5740164d61"}</msg>
<arg>Firefox</arg>
<arg>headless=False</arg>
<tag>BrowserControl</tag>
<tag>Setter</tag>
<doc>Create a new playwright Browser with specified options.</doc>
<status status="PASS" start="2024-08-29T18:48:05.445897" elapsed="1.323262"/>
</kw>
<kw name="New Page" owner="Browser">
<msg time="2024-08-29T18:48:10.828743" level="INFO">Successfully initialized new page object and opened url: https://robotframework-browser.org/</msg>
<msg time="2024-08-29T18:48:10.828887" level="INFO">No context was open. New context was automatically opened when this page is created.</msg>
<arg>https://robotframework-browser.org/</arg>
<tag>BrowserControl</tag>
<tag>Setter</tag>
<doc>Open a new Page.</doc>
<status status="PASS" start="2024-08-29T18:48:06.770098" elapsed="4.059140"/>
</kw>
<kw name="Get Title" owner="Browser">
<msg time="2024-08-29T18:48:10.951551" level="INFO">Title: 'Browser Library'</msg>
<arg>==</arg>
<arg>Browser Library</arg>
<tag>Assertion</tag>
<tag>Getter</tag>
<tag>PageContent</tag>
<doc>Returns the title of the current page.</doc>
<status status="PASS" start="2024-08-29T18:48:10.829798" elapsed="0.122035"/>
</kw>
<kw name="Click" owner="Browser">
<msg time="2024-08-29T18:48:10.953376" level="INFO">Clicks the element 'a &gt;&gt; "keyword documentation"'.</msg>
<arg>a &gt;&gt; "keyword documentation"</arg>
<tag>PageContent</tag>
<tag>Setter</tag>
<doc>Simulates mouse click on the element found by ``selector``.</doc>
<status status="PASS" start="2024-08-29T18:48:10.952409" elapsed="0.241682"/>
</kw>
<kw name="Switch Page" owner="Browser">
<msg time="2024-08-29T18:48:11.198210" level="INFO">Switching to page NEW,context CURRENT, browser CURRENT</msg>
<msg time="2024-08-29T18:48:11.560684" level="INFO">Activated new page page=d7c14752-38b5-4e8e-a28c-e1cdb3de9c70</msg>
<arg>NEW</arg>
<tag>BrowserControl</tag>
<tag>Setter</tag>
<doc>Switches the active browser page to another open page by ``id`` or ``NEW``.</doc>
<status status="PASS" start="2024-08-29T18:48:11.195534" elapsed="0.365375"/>
</kw>
<kw name="Get Title" owner="Browser">
<msg time="2024-08-29T18:48:12.695177" level="INFO">Title: 'Browser'</msg>
<arg>==</arg>
<arg>Browser</arg>
<tag>Assertion</tag>
<tag>Getter</tag>
<tag>PageContent</tag>
<doc>Returns the title of the current page.</doc>
<status status="PASS" start="2024-08-29T18:48:11.561552" elapsed="1.133818"/>
</kw>
<kw name="Get Url" owner="Browser">
<arg>ends</arg>
<arg>robotframework-browser/Browser.html</arg>
<tag>Assertion</tag>
<tag>Getter</tag>
<tag>PageContent</tag>
<doc>Returns the current URL.</doc>
<status status="PASS" start="2024-08-29T18:48:12.696064" elapsed="0.008823"/>
</kw>
<kw name="Type Text" owner="Browser">
<msg time="2024-08-29T18:48:12.705819" level="INFO">Types the text 'Style' in the given field.</msg>
<arg>input[placeholder="Search"]</arg>
<arg>Style</arg>
<tag>PageContent</tag>
<tag>Setter</tag>
<doc>Types the given ``txt`` into the text field found by ``selector``.</doc>
<status status="PASS" start="2024-08-29T18:48:12.705233" elapsed="0.194136"/>
</kw>
<kw name="Get Elements" owner="Browser">
<msg time="2024-08-29T18:48:13.625528" level="INFO">Found locator('id=keyword-shortcuts-container').locator('a &gt; span:has-text("Style")').first(),locator('id=keyword-shortcuts-container').locator('a &gt; span:has-text("Style")').nth(1) Locators successfully.</msg>
<msg time="2024-08-29T18:48:13.625781" level="INFO">${style_elements} = ['id=keyword-shortcuts-container &gt;&gt; a &gt; span:has-text("Style") &gt;&gt; nth=0', 'id=keyword-shortcuts-container &gt;&gt; a &gt; span:has-text("Style") &gt;&gt; nth=1']</msg>
<var>${style_elements}</var>
<arg>id=keyword-shortcuts-container &gt;&gt; a &gt; span:has-text("Style")</arg>
<tag>Getter</tag>
<tag>PageContent</tag>
<doc>Returns a reference to Playwright [https://playwright.dev/docs/api/class-locator|Locator]
for all matched elements by ``selector``.</doc>
<status status="PASS" start="2024-08-29T18:48:12.899779" elapsed="0.726037"/>
</kw>
<for flavor="IN">
<iter>
<kw name="Get Style" owner="Browser">
<msg time="2024-08-29T18:48:13.701821" level="INFO">Value of key: background-color</msg>
<msg time="2024-08-29T18:48:13.701910" level="INFO">Value of selected property: rgb(255, 255, 0)</msg>
<arg>${element}</arg>
<arg>background-color</arg>
<arg>==</arg>
<arg>rgb(255, 255, 0)</arg>
<tag>Assertion</tag>
<tag>Getter</tag>
<tag>PageContent</tag>
<doc>Gets the computed style properties of the element selected by ``selector``.</doc>
<status status="PASS" start="2024-08-29T18:48:13.626593" elapsed="0.075468"/>
</kw>
<var name="${element}">id=keyword-shortcuts-container &gt;&gt; a &gt; span:has-text("Style") &gt;&gt; nth=0</var>
<status status="PASS" start="2024-08-29T18:48:13.626397" elapsed="0.075830"/>
</iter>
<iter>
<kw name="Get Style" owner="Browser">
<msg time="2024-08-29T18:48:13.764041" level="INFO">Value of key: background-color</msg>
<msg time="2024-08-29T18:48:13.764136" level="INFO">Value of selected property: rgb(255, 255, 0)</msg>
<arg>${element}</arg>
<arg>background-color</arg>
<arg>==</arg>
<arg>rgb(255, 255, 0)</arg>
<tag>Assertion</tag>
<tag>Getter</tag>
<tag>PageContent</tag>
<doc>Gets the computed style properties of the element selected by ``selector``.</doc>
<status status="PASS" start="2024-08-29T18:48:13.702780" elapsed="0.061516"/>
</kw>
<var name="${element}">id=keyword-shortcuts-container &gt;&gt; a &gt; span:has-text("Style") &gt;&gt; nth=1</var>
<status status="PASS" start="2024-08-29T18:48:13.702551" elapsed="0.061934"/>
</iter>
<var>${element}</var>
<value>@{style_elements}</value>
<status status="PASS" start="2024-08-29T18:48:13.626105" elapsed="0.138516"/>
</for>
<kw name="Length Should Be" owner="BuiltIn">
<msg time="2024-08-29T18:48:13.765378" level="INFO">Length is 2.</msg>
<arg>${style_elements}</arg>
<arg>2</arg>
<doc>Verifies that the length of the given item is correct.</doc>
<status status="PASS" start="2024-08-29T18:48:13.765022" elapsed="0.000451"/>
</kw>
<status status="PASS" start="2024-08-29T18:48:05.437507" elapsed="8.328307"/>
</test>
<status status="PASS" start="2024-08-29T18:48:04.211497" elapsed="9.645708"/>
</suite>
<statistics>
<total>
<stat pass="1" fail="0" skip="0">All Tests</stat>
</total>
<tag>
</tag>
<suite>
<stat pass="1" fail="0" skip="0" id="s1" name="Test">Test</stat>
</suite>
</statistics>
<errors>
</errors>
</robot>
